{"/Users/benjaminschachter/online-courses/interview-questions/prime-numbers.js": {"path":"/Users/benjaminschachter/online-courses/interview-questions/prime-numbers.js","statementMap":{"0":{"start":{"line":13,"column":16},"end":{"line":23,"column":1}},"1":{"start":{"line":14,"column":2},"end":{"line":14,"column":38}},"2":{"start":{"line":14,"column":26},"end":{"line":14,"column":38}},"3":{"start":{"line":15,"column":2},"end":{"line":15,"column":33}},"4":{"start":{"line":15,"column":20},"end":{"line":15,"column":33}},"5":{"start":{"line":16,"column":10},"end":{"line":16,"column":11}},"6":{"start":{"line":18,"column":2},"end":{"line":21,"column":3}},"7":{"start":{"line":19,"column":4},"end":{"line":20,"column":15}},"8":{"start":{"line":19,"column":22},"end":{"line":19,"column":35}},"9":{"start":{"line":20,"column":9},"end":{"line":20,"column":15}},"10":{"start":{"line":22,"column":2},"end":{"line":22,"column":14}},"11":{"start":{"line":25,"column":0},"end":{"line":25,"column":25}}},"fnMap":{"0":{"name":"(anonymous_0)","decl":{"start":{"line":13,"column":16},"end":{"line":13,"column":17}},"loc":{"start":{"line":13,"column":25},"end":{"line":23,"column":1}},"line":13}},"branchMap":{"0":{"loc":{"start":{"line":14,"column":2},"end":{"line":14,"column":38}},"type":"if","locations":[{"start":{"line":14,"column":2},"end":{"line":14,"column":38}},{"start":{"line":14,"column":2},"end":{"line":14,"column":38}}],"line":14},"1":{"loc":{"start":{"line":14,"column":5},"end":{"line":14,"column":24}},"type":"binary-expr","locations":[{"start":{"line":14,"column":5},"end":{"line":14,"column":13}},{"start":{"line":14,"column":17},"end":{"line":14,"column":24}}],"line":14},"2":{"loc":{"start":{"line":15,"column":2},"end":{"line":15,"column":33}},"type":"if","locations":[{"start":{"line":15,"column":2},"end":{"line":15,"column":33}},{"start":{"line":15,"column":2},"end":{"line":15,"column":33}}],"line":15},"3":{"loc":{"start":{"line":19,"column":4},"end":{"line":20,"column":15}},"type":"if","locations":[{"start":{"line":19,"column":4},"end":{"line":20,"column":15}},{"start":{"line":19,"column":4},"end":{"line":20,"column":15}}],"line":19}},"s":{"0":1,"1":8,"2":1,"3":7,"4":4,"5":3,"6":3,"7":157,"8":0,"9":157,"10":3,"11":1},"f":{"0":8},"b":{"0":[1,7],"1":[8,1],"2":[4,3],"3":[0,157]},"_coverageSchema":"332fd63041d2c1bcb487cc26dd0d5f7d97098a6c","hash":"03ee7e6f2ee7552cff5cd9621902d06da4cba856"}
}
